{"level":"info","message":"Listening on port 4000...","timestamp":"2019-05-09T16:33:34.125Z"}
{"level":"info","message":"Connected to mongodb+srv://jorge:Erikfaz2019@cluster0-c3ir4.mongodb.net/test?retryWrites=true...","timestamp":"2019-05-09T16:33:35.268Z"}
{"message":"Cannot read property 'hidrogeno' of undefined","stack":"TypeError: Cannot read property 'hidrogeno' of undefined\n    at router.delete (C:\\Users\\pev\\Documents\\TEC\\6to semestre\\ternium\\server\\routes\\sessions.js:73:34)\n    at processTicksAndRejections (internal/process/next_tick.js:81:5)","level":"error","timestamp":"2019-05-09T16:54:15.183Z"}
{"message":"Cannot read property 'hidrogeno' of undefined","stack":"TypeError: Cannot read property 'hidrogeno' of undefined\n    at router.delete (C:\\Users\\pev\\Documents\\TEC\\6to semestre\\ternium\\server\\routes\\sessions.js:73:34)\n    at processTicksAndRejections (internal/process/next_tick.js:81:5)","level":"error","timestamp":"2019-05-09T16:58:54.849Z"}
{"message":"Cannot read property 'hidrogeno' of undefined","stack":"TypeError: Cannot read property 'hidrogeno' of undefined\n    at router.delete (C:\\Users\\pev\\Documents\\TEC\\6to semestre\\ternium\\server\\routes\\sessions.js:73:34)\n    at processTicksAndRejections (internal/process/next_tick.js:81:5)","level":"error","timestamp":"2019-05-09T17:01:42.031Z"}
{"message":"Cannot read property 'hidrogeno' of undefined","stack":"TypeError: Cannot read property 'hidrogeno' of undefined\n    at router.delete (C:\\Users\\pev\\Documents\\TEC\\6to semestre\\ternium\\server\\routes\\sessions.js:73:34)\n    at processTicksAndRejections (internal/process/next_tick.js:81:5)","level":"error","timestamp":"2019-05-09T17:08:33.937Z"}
{"message":"Cannot read property 'hidrogeno' of undefined","stack":"TypeError: Cannot read property 'hidrogeno' of undefined\n    at router.delete (C:\\Users\\pev\\Documents\\TEC\\6to semestre\\ternium\\server\\routes\\sessions.js:73:34)\n    at processTicksAndRejections (internal/process/next_tick.js:81:5)","level":"error","timestamp":"2019-05-09T17:08:36.896Z"}
{"message":"Cannot read property 'hidrogeno' of undefined","stack":"TypeError: Cannot read property 'hidrogeno' of undefined\n    at router.delete (C:\\Users\\pev\\Documents\\TEC\\6to semestre\\ternium\\server\\routes\\sessions.js:73:34)\n    at processTicksAndRejections (internal/process/next_tick.js:81:5)","level":"error","timestamp":"2019-05-09T17:10:25.650Z"}
{"message":"Cannot read property 'hidrogeno' of undefined","stack":"TypeError: Cannot read property 'hidrogeno' of undefined\n    at router.delete (C:\\Users\\pev\\Documents\\TEC\\6to semestre\\ternium\\server\\routes\\sessions.js:73:34)\n    at processTicksAndRejections (internal/process/next_tick.js:81:5)","level":"error","timestamp":"2019-05-09T17:10:27.343Z"}
{"message":"Cannot read property 'hidrogeno' of undefined","stack":"TypeError: Cannot read property 'hidrogeno' of undefined\n    at router.delete (C:\\Users\\pev\\Documents\\TEC\\6to semestre\\ternium\\server\\routes\\sessions.js:73:34)\n    at processTicksAndRejections (internal/process/next_tick.js:81:5)","level":"error","timestamp":"2019-05-09T17:11:25.978Z"}
{"message":"Cannot read property 'hidrogeno' of undefined","stack":"TypeError: Cannot read property 'hidrogeno' of undefined\n    at router.delete (C:\\Users\\pev\\Documents\\TEC\\6to semestre\\ternium\\server\\routes\\sessions.js:73:34)\n    at processTicksAndRejections (internal/process/next_tick.js:81:5)","level":"error","timestamp":"2019-05-09T17:13:57.597Z"}
{"message":"Cannot read property 'hidrogeno' of undefined","stack":"TypeError: Cannot read property 'hidrogeno' of undefined\n    at router.delete (C:\\Users\\pev\\Documents\\TEC\\6to semestre\\ternium\\server\\routes\\sessions.js:73:34)\n    at processTicksAndRejections (internal/process/next_tick.js:81:5)","level":"error","timestamp":"2019-05-09T17:15:42.774Z"}
{"message":"Cannot read property 'hidrogeno' of undefined","stack":"TypeError: Cannot read property 'hidrogeno' of undefined\n    at router.delete (C:\\Users\\pev\\Documents\\TEC\\6to semestre\\ternium\\server\\routes\\sessions.js:73:34)\n    at processTicksAndRejections (internal/process/next_tick.js:81:5)","level":"error","timestamp":"2019-05-09T17:15:44.036Z"}
{"message":"Cannot read property 'hidrogeno' of undefined","stack":"TypeError: Cannot read property 'hidrogeno' of undefined\n    at router.delete (C:\\Users\\pev\\Documents\\TEC\\6to semestre\\ternium\\server\\routes\\sessions.js:73:34)\n    at processTicksAndRejections (internal/process/next_tick.js:81:5)","level":"error","timestamp":"2019-05-09T17:18:15.892Z"}
{"message":"Cannot read property 'hidrogeno' of undefined","stack":"TypeError: Cannot read property 'hidrogeno' of undefined\n    at router.delete (C:\\Users\\pev\\Documents\\TEC\\6to semestre\\ternium\\server\\routes\\sessions.js:73:34)\n    at processTicksAndRejections (internal/process/next_tick.js:81:5)","level":"error","timestamp":"2019-05-09T17:20:52.286Z"}
{"message":"Cannot read property 'hidrogeno' of undefined","stack":"TypeError: Cannot read property 'hidrogeno' of undefined\n    at router.delete (C:\\Users\\pev\\Documents\\TEC\\6to semestre\\ternium\\server\\routes\\sessions.js:73:34)\n    at processTicksAndRejections (internal/process/next_tick.js:81:5)","level":"error","timestamp":"2019-05-09T17:21:36.247Z"}
{"message":"Cannot read property 'hidrogeno' of undefined","stack":"TypeError: Cannot read property 'hidrogeno' of undefined\n    at router.delete (C:\\Users\\pev\\Documents\\TEC\\6to semestre\\ternium\\server\\routes\\sessions.js:73:34)\n    at processTicksAndRejections (internal/process/next_tick.js:81:5)","level":"error","timestamp":"2019-05-09T17:23:05.281Z"}
{"message":"Cannot read property 'hidrogeno' of undefined","stack":"TypeError: Cannot read property 'hidrogeno' of undefined\n    at router.delete (C:\\Users\\pev\\Documents\\TEC\\6to semestre\\ternium\\server\\routes\\sessions.js:73:34)\n    at processTicksAndRejections (internal/process/next_tick.js:81:5)","level":"error","timestamp":"2019-05-09T17:23:06.091Z"}
{"message":"Cannot read property 'hidrogeno' of undefined","stack":"TypeError: Cannot read property 'hidrogeno' of undefined\n    at router.delete (C:\\Users\\pev\\Documents\\TEC\\6to semestre\\ternium\\server\\routes\\sessions.js:73:34)\n    at processTicksAndRejections (internal/process/next_tick.js:81:5)","level":"error","timestamp":"2019-05-09T17:30:44.714Z"}
{"message":"Cannot read property 'hidrogeno' of undefined","stack":"TypeError: Cannot read property 'hidrogeno' of undefined\n    at router.delete (C:\\Users\\pev\\Documents\\TEC\\6to semestre\\ternium\\server\\routes\\sessions.js:73:34)\n    at processTicksAndRejections (internal/process/next_tick.js:81:5)","level":"error","timestamp":"2019-05-09T17:30:45.876Z"}
{"message":"Cannot read property 'hidrogeno' of undefined","stack":"TypeError: Cannot read property 'hidrogeno' of undefined\n    at router.delete (C:\\Users\\pev\\Documents\\TEC\\6to semestre\\ternium\\server\\routes\\sessions.js:73:34)\n    at processTicksAndRejections (internal/process/next_tick.js:81:5)","level":"error","timestamp":"2019-05-09T17:30:47.036Z"}
{"message":"Cannot read property 'hidrogeno' of undefined","stack":"TypeError: Cannot read property 'hidrogeno' of undefined\n    at router.delete (C:\\Users\\pev\\Documents\\TEC\\6to semestre\\ternium\\server\\routes\\sessions.js:73:34)\n    at processTicksAndRejections (internal/process/next_tick.js:81:5)","level":"error","timestamp":"2019-05-09T17:39:06.714Z"}
{"message":"Cannot read property 'hidrogeno' of undefined","stack":"TypeError: Cannot read property 'hidrogeno' of undefined\n    at router.delete (C:\\Users\\pev\\Documents\\TEC\\6to semestre\\ternium\\server\\routes\\sessions.js:73:34)\n    at processTicksAndRejections (internal/process/next_tick.js:81:5)","level":"error","timestamp":"2019-05-09T17:39:07.944Z"}
{"message":"Cannot read property 'hidrogeno' of undefined","stack":"TypeError: Cannot read property 'hidrogeno' of undefined\n    at router.delete (C:\\Users\\pev\\Documents\\TEC\\6to semestre\\ternium\\server\\routes\\sessions.js:73:34)\n    at processTicksAndRejections (internal/process/next_tick.js:81:5)","level":"error","timestamp":"2019-05-09T17:39:08.839Z"}
{"message":"Cannot read property 'hidrogeno' of undefined","stack":"TypeError: Cannot read property 'hidrogeno' of undefined\n    at router.delete (C:\\Users\\pev\\Documents\\TEC\\6to semestre\\ternium\\server\\routes\\sessions.js:73:34)\n    at processTicksAndRejections (internal/process/next_tick.js:81:5)","level":"error","timestamp":"2019-05-09T17:43:07.111Z"}
{"level":"info","message":"Listening on port 4000...","timestamp":"2019-05-09T22:46:06.813Z"}
{"level":"info","message":"Connected to mongodb+srv://jorge:Erikfaz2019@cluster0-c3ir4.mongodb.net/test?retryWrites=true...","timestamp":"2019-05-09T22:46:07.562Z"}
{"level":"info","message":"Listening on port 4000...","timestamp":"2019-05-09T22:46:59.753Z"}
{"level":"info","message":"Connected to mongodb+srv://jorge:Erikfaz2019@cluster0-c3ir4.mongodb.net/test?retryWrites=true...","timestamp":"2019-05-09T22:47:00.457Z"}
{"level":"info","message":"Listening on port 4000...","timestamp":"2019-05-09T22:58:35.301Z"}
{"level":"info","message":"Connected to mongodb+srv://jorge:Erikfaz2019@cluster0-c3ir4.mongodb.net/test?retryWrites=true...","timestamp":"2019-05-09T22:58:41.779Z"}
{"message":"Cannot read property 'hidrogeno' of undefined","stack":"TypeError: Cannot read property 'hidrogeno' of undefined\n    at router.delete (C:\\Users\\Aurora Tijerina\\Desktop\\ternium\\server\\routes\\sessions.js:73:34)\n    at process._tickCallback (internal/process/next_tick.js:68:7)","level":"error","timestamp":"2019-05-09T23:04:39.008Z"}
{"message":"Cannot read property 'hidrogeno' of undefined","stack":"TypeError: Cannot read property 'hidrogeno' of undefined\n    at router.delete (C:\\Users\\Aurora Tijerina\\Desktop\\ternium\\server\\routes\\sessions.js:73:34)\n    at process._tickCallback (internal/process/next_tick.js:68:7)","level":"error","timestamp":"2019-05-09T23:04:43.640Z"}
{"level":"info","message":"Listening on port 4000...","timestamp":"2019-05-10T15:12:58.405Z"}
{"level":"info","message":"Listening on port 4000...","timestamp":"2019-05-10T15:13:45.507Z"}
{"level":"info","message":"Listening on port 4000...","timestamp":"2019-05-10T15:17:29.821Z"}
{"level":"info","message":"Listening on port 4000...","timestamp":"2019-05-10T15:18:40.500Z"}
{"level":"info","message":"Connected to mongodb+srv://jorge:Erikfaz2019@cluster0-c3ir4.mongodb.net/test?retryWrites=true...","timestamp":"2019-05-10T15:18:41.419Z"}
{"message":"read ECONNRESET","stack":"Error: read ECONNRESET\n    at TLSWrap.onStreamRead (internal/stream_base_commons.js:162:27)","name":"MongoNetworkError","errorLabels":["TransientTransactionError"],"level":"error","timestamp":"2019-05-10T15:27:47.059Z"}
{"message":"E11000 duplicate key error collection: test.staffs index: registrationId_1 dup key: { : \"65656532\" }","stack":"MongoError: E11000 duplicate key error collection: test.staffs index: registrationId_1 dup key: { : \"65656532\" }\n    at Function.create (C:\\Users\\pev\\Documents\\TEC\\6to semestre\\ternium\\server\\node_modules\\mongoose\\node_modules\\mongodb-core\\lib\\error.js:43:12)\n    at toError (C:\\Users\\pev\\Documents\\TEC\\6to semestre\\ternium\\server\\node_modules\\mongoose\\node_modules\\mongodb\\lib\\utils.js:149:22)\n    at coll.s.topology.insert (C:\\Users\\pev\\Documents\\TEC\\6to semestre\\ternium\\server\\node_modules\\mongoose\\node_modules\\mongodb\\lib\\operations\\collection_ops.js:859:39)\n    at handler (C:\\Users\\pev\\Documents\\TEC\\6to semestre\\ternium\\server\\node_modules\\mongoose\\node_modules\\mongodb-core\\lib\\topologies\\replset.js:1155:22)\n    at C:\\Users\\pev\\Documents\\TEC\\6to semestre\\ternium\\server\\node_modules\\mongoose\\node_modules\\mongodb-core\\lib\\connection\\pool.js:397:18\n    at processTicksAndRejections (internal/process/next_tick.js:74:9)","driver":true,"name":"MongoError","index":0,"code":11000,"errmsg":"E11000 duplicate key error collection: test.staffs index: registrationId_1 dup key: { : \"65656532\" }","level":"error","timestamp":"2019-05-10T15:49:34.993Z"}
{"level":"info","message":"Listening on port 4000...","timestamp":"2019-05-10T16:13:37.103Z"}
{"level":"info","message":"Connected to mongodb+srv://jorge:Erikfaz2019@cluster0-c3ir4.mongodb.net/test?retryWrites=true...","timestamp":"2019-05-10T16:13:38.189Z"}
{"level":"info","message":"Listening on port 4000...","timestamp":"2019-05-10T16:16:20.154Z"}
{"level":"info","message":"Connected to mongodb+srv://jorge:Erikfaz2019@cluster0-c3ir4.mongodb.net/test?retryWrites=true...","timestamp":"2019-05-10T16:16:21.129Z"}
